TN:
SF:/Users/aaronhans/dev/cagov/Alpha/components/pagerating/index.js
FN:4,(anonymous_0)
FN:19,(anonymous_1)
FN:21,(anonymous_2)
FN:25,(anonymous_3)
FN:32,(anonymous_4)
FN:37,(anonymous_5)
FN:45,(anonymous_6)
FN:53,(anonymous_7)
FN:74,(anonymous_8)
FN:75,(anonymous_9)
FNF:10
FNH:2
FNDA:1,(anonymous_0)
FNDA:1,(anonymous_1)
FNDA:0,(anonymous_2)
FNDA:0,(anonymous_3)
FNDA:0,(anonymous_4)
FNDA:0,(anonymous_5)
FNDA:0,(anonymous_6)
FNDA:0,(anonymous_7)
FNDA:0,(anonymous_8)
FNDA:0,(anonymous_9)
DA:5,1
DA:6,1
DA:7,1
DA:8,1
DA:9,1
DA:10,1
DA:11,1
DA:12,1
DA:13,1
DA:14,1
DA:15,1
DA:16,1
DA:20,1
DA:21,1
DA:22,0
DA:24,1
DA:25,1
DA:26,0
DA:27,0
DA:29,0
DA:32,1
DA:33,0
DA:34,0
DA:37,1
DA:38,0
DA:39,0
DA:40,0
DA:41,0
DA:45,1
DA:46,0
DA:47,0
DA:48,0
DA:49,0
DA:53,1
DA:54,0
DA:55,0
DA:56,0
DA:57,0
DA:59,0
DA:60,0
DA:61,0
DA:62,0
DA:63,0
DA:64,0
DA:65,0
DA:67,0
DA:74,0
DA:75,0
DA:78,0
DA:84,1
LF:50
LH:21
BRDA:5,0,0,0
BRDA:5,0,1,1
BRDA:6,1,0,0
BRDA:6,1,1,1
BRDA:7,2,0,0
BRDA:7,2,1,1
BRDA:8,3,0,0
BRDA:8,3,1,1
BRDA:9,4,0,0
BRDA:9,4,1,1
BRDA:10,5,0,0
BRDA:10,5,1,1
BRDA:11,6,0,0
BRDA:11,6,1,1
BRDA:12,7,0,0
BRDA:12,7,1,1
BRDA:26,8,0,0
BRDA:26,8,1,0
BRDA:33,9,0,0
BRDA:33,9,1,0
BRDA:54,10,0,0
BRDA:54,10,1,0
BRF:22
BRH:8
end_of_record
TN:
SF:/Users/aaronhans/dev/cagov/Alpha/components/pagerating/template.js
FN:1,(anonymous_0)
FNF:1
FNH:1
FNDA:1,(anonymous_0)
DA:2,1
LF:1
LH:1
BRF:0
BRH:0
end_of_record
